<?xml version="1.0" encoding="UTF-8"?>
<testsuite xmlns:xsi="http://www.w3.org/2001/XMLSchema-instance" xsi:noNamespaceSchemaLocation="https://maven.apache.org/surefire/maven-surefire-plugin/xsd/surefire-test-report-3.0.xsd" version="3.0" name="com.udacity.catpoint.security.service.SecurityServiceTest" time="1.878" tests="23" errors="0" skipped="0" failures="0">
  <properties>
    <property name="java.specification.version" value="16"/>
    <property name="sun.jnu.encoding" value="UTF-8"/>
    <property name="java.class.path" value="/Users/kirankranthi/Documents/sourcecode/java-udacity-nano/nd079-c3-java-application-deployment-projectstarter/starter/maven-udacity-catpoint/security/target/test-classes:/Users/kirankranthi/.m2/repository/com/google/guava/failureaccess/1.0.1/failureaccess-1.0.1.jar:/Users/kirankranthi/.m2/repository/com/google/guava/listenablefuture/9999.0-empty-to-avoid-conflict-with-guava/listenablefuture-9999.0-empty-to-avoid-conflict-with-guava.jar:/Users/kirankranthi/.m2/repository/com/google/code/findbugs/jsr305/3.0.2/jsr305-3.0.2.jar:/Users/kirankranthi/.m2/repository/org/checkerframework/checker-qual/3.8.0/checker-qual-3.8.0.jar:/Users/kirankranthi/.m2/repository/com/google/errorprone/error_prone_annotations/2.5.1/error_prone_annotations-2.5.1.jar:/Users/kirankranthi/.m2/repository/com/google/j2objc/j2objc-annotations/1.3/j2objc-annotations-1.3.jar:/Users/kirankranthi/.m2/repository/com/google/collections/google-collections/1.0/google-collections-1.0.jar:/Users/kirankranthi/.m2/repository/software/amazon/awssdk/annotations/2.17.37/annotations-2.17.37.jar:/Users/kirankranthi/.m2/repository/software/amazon/awssdk/utils/2.17.37/utils-2.17.37.jar:/Users/kirankranthi/.m2/repository/org/reactivestreams/reactive-streams/1.0.3/reactive-streams-1.0.3.jar:/Users/kirankranthi/.m2/repository/software/amazon/awssdk/profiles/2.17.37/profiles-2.17.37.jar:/Users/kirankranthi/.m2/repository/software/amazon/awssdk/http-client-spi/2.17.37/http-client-spi-2.17.37.jar:/Users/kirankranthi/.m2/repository/software/amazon/awssdk/json-utils/2.17.37/json-utils-2.17.37.jar:/Users/kirankranthi/.m2/repository/software/amazon/awssdk/third-party-jackson-core/2.17.37/third-party-jackson-core-2.17.37.jar:/Users/kirankranthi/.m2/repository/software/amazon/eventstream/eventstream/1.0.1/eventstream-1.0.1.jar:/Users/kirankranthi/.m2/repository/software/amazon/awssdk/aws-json-protocol/2.17.37/aws-json-protocol-2.17.37.jar:/Users/kirankranthi/.m2/repository/software/amazon/awssdk/protocol-core/2.17.37/protocol-core-2.17.37.jar:/Users/kirankranthi/.m2/repository/software/amazon/awssdk/aws-core/2.17.37/aws-core-2.17.37.jar:/Users/kirankranthi/.m2/repository/software/amazon/awssdk/metrics-spi/2.17.37/metrics-spi-2.17.37.jar:/Users/kirankranthi/.m2/repository/software/amazon/awssdk/apache-client/2.17.37/apache-client-2.17.37.jar:/Users/kirankranthi/.m2/repository/org/apache/httpcomponents/httpclient/4.5.13/httpclient-4.5.13.jar:/Users/kirankranthi/.m2/repository/commons-logging/commons-logging/1.2/commons-logging-1.2.jar:/Users/kirankranthi/.m2/repository/commons-codec/commons-codec/1.11/commons-codec-1.11.jar:/Users/kirankranthi/.m2/repository/org/apache/httpcomponents/httpcore/4.4.11/httpcore-4.4.11.jar:/Users/kirankranthi/.m2/repository/software/amazon/awssdk/netty-nio-client/2.17.37/netty-nio-client-2.17.37.jar:/Users/kirankranthi/.m2/repository/io/netty/netty-codec-http/4.1.66.Final/netty-codec-http-4.1.66.Final.jar:/Users/kirankranthi/.m2/repository/io/netty/netty-codec-http2/4.1.66.Final/netty-codec-http2-4.1.66.Final.jar:/Users/kirankranthi/.m2/repository/io/netty/netty-codec/4.1.66.Final/netty-codec-4.1.66.Final.jar:/Users/kirankranthi/.m2/repository/io/netty/netty-transport/4.1.66.Final/netty-transport-4.1.66.Final.jar:/Users/kirankranthi/.m2/repository/io/netty/netty-resolver/4.1.66.Final/netty-resolver-4.1.66.Final.jar:/Users/kirankranthi/.m2/repository/io/netty/netty-common/4.1.66.Final/netty-common-4.1.66.Final.jar:/Users/kirankranthi/.m2/repository/io/netty/netty-buffer/4.1.66.Final/netty-buffer-4.1.66.Final.jar:/Users/kirankranthi/.m2/repository/io/netty/netty-handler/4.1.66.Final/netty-handler-4.1.66.Final.jar:/Users/kirankranthi/.m2/repository/io/netty/netty-transport-native-epoll/4.1.66.Final/netty-transport-native-epoll-4.1.66.Final-linux-x86_64.jar:/Users/kirankranthi/.m2/repository/io/netty/netty-transport-native-unix-common/4.1.66.Final/netty-transport-native-unix-common-4.1.66.Final.jar:/Users/kirankranthi/.m2/repository/com/typesafe/netty/netty-reactive-streams-http/2.0.5/netty-reactive-streams-http-2.0.5.jar:/Users/kirankranthi/.m2/repository/com/typesafe/netty/netty-reactive-streams/2.0.5/netty-reactive-streams-2.0.5.jar:/Users/kirankranthi/.m2/repository/org/junit/jupiter/junit-jupiter-api/5.7.2/junit-jupiter-api-5.7.2.jar:/Users/kirankranthi/.m2/repository/org/apiguardian/apiguardian-api/1.1.0/apiguardian-api-1.1.0.jar:/Users/kirankranthi/.m2/repository/org/opentest4j/opentest4j/1.2.0/opentest4j-1.2.0.jar:/Users/kirankranthi/.m2/repository/org/junit/platform/junit-platform-commons/1.7.2/junit-platform-commons-1.7.2.jar:/Users/kirankranthi/.m2/repository/org/mockito/mockito-junit-jupiter/3.12.4/mockito-junit-jupiter-3.12.4.jar:/Users/kirankranthi/.m2/repository/org/mockito/mockito-core/3.12.4/mockito-core-3.12.4.jar:/Users/kirankranthi/.m2/repository/net/bytebuddy/byte-buddy/1.11.13/byte-buddy-1.11.13.jar:/Users/kirankranthi/.m2/repository/net/bytebuddy/byte-buddy-agent/1.11.13/byte-buddy-agent-1.11.13.jar:/Users/kirankranthi/.m2/repository/org/objenesis/objenesis/3.2/objenesis-3.2.jar:/Users/kirankranthi/.m2/repository/org/junit/jupiter/junit-jupiter-params/5.7.0/junit-jupiter-params-5.7.0.jar:"/>
    <property name="java.vm.vendor" value="AdoptOpenJDK"/>
    <property name="sun.arch.data.model" value="64"/>
    <property name="sun.font.fontmanager" value="sun.font.CFontManager"/>
    <property name="java.vendor.url" value="https://adoptopenjdk.net/"/>
    <property name="os.name" value="Mac OS X"/>
    <property name="java.vm.specification.version" value="16"/>
    <property name="sun.java.launcher" value="SUN_STANDARD"/>
    <property name="user.country" value="GB"/>
    <property name="sun.boot.library.path" value="/Library/Java/JavaVirtualMachines/adoptopenjdk-16.jdk/Contents/Home/lib"/>
    <property name="sun.java.command" value="org.apache.maven.surefire.booter.ForkedBooter /Users/kirankranthi/Documents/sourcecode/java-udacity-nano/nd079-c3-java-application-deployment-projectstarter/starter/maven-udacity-catpoint/security/target/surefire 2021-09-20T22-24-50_903-jvmRun1 surefire6874279457420841526tmp surefire_04957520809085576969tmp"/>
    <property name="http.nonProxyHosts" value="local|*.local|169.254/16|*.169.254/16"/>
    <property name="jdk.debug" value="release"/>
    <property name="surefire.test.class.path" value="/Users/kirankranthi/Documents/sourcecode/java-udacity-nano/nd079-c3-java-application-deployment-projectstarter/starter/maven-udacity-catpoint/security/target/test-classes:/Users/kirankranthi/.m2/repository/com/google/guava/failureaccess/1.0.1/failureaccess-1.0.1.jar:/Users/kirankranthi/.m2/repository/com/google/guava/listenablefuture/9999.0-empty-to-avoid-conflict-with-guava/listenablefuture-9999.0-empty-to-avoid-conflict-with-guava.jar:/Users/kirankranthi/.m2/repository/com/google/code/findbugs/jsr305/3.0.2/jsr305-3.0.2.jar:/Users/kirankranthi/.m2/repository/org/checkerframework/checker-qual/3.8.0/checker-qual-3.8.0.jar:/Users/kirankranthi/.m2/repository/com/google/errorprone/error_prone_annotations/2.5.1/error_prone_annotations-2.5.1.jar:/Users/kirankranthi/.m2/repository/com/google/j2objc/j2objc-annotations/1.3/j2objc-annotations-1.3.jar:/Users/kirankranthi/.m2/repository/com/google/collections/google-collections/1.0/google-collections-1.0.jar:/Users/kirankranthi/.m2/repository/software/amazon/awssdk/annotations/2.17.37/annotations-2.17.37.jar:/Users/kirankranthi/.m2/repository/software/amazon/awssdk/utils/2.17.37/utils-2.17.37.jar:/Users/kirankranthi/.m2/repository/org/reactivestreams/reactive-streams/1.0.3/reactive-streams-1.0.3.jar:/Users/kirankranthi/.m2/repository/software/amazon/awssdk/profiles/2.17.37/profiles-2.17.37.jar:/Users/kirankranthi/.m2/repository/software/amazon/awssdk/http-client-spi/2.17.37/http-client-spi-2.17.37.jar:/Users/kirankranthi/.m2/repository/software/amazon/awssdk/json-utils/2.17.37/json-utils-2.17.37.jar:/Users/kirankranthi/.m2/repository/software/amazon/awssdk/third-party-jackson-core/2.17.37/third-party-jackson-core-2.17.37.jar:/Users/kirankranthi/.m2/repository/software/amazon/eventstream/eventstream/1.0.1/eventstream-1.0.1.jar:/Users/kirankranthi/.m2/repository/software/amazon/awssdk/aws-json-protocol/2.17.37/aws-json-protocol-2.17.37.jar:/Users/kirankranthi/.m2/repository/software/amazon/awssdk/protocol-core/2.17.37/protocol-core-2.17.37.jar:/Users/kirankranthi/.m2/repository/software/amazon/awssdk/aws-core/2.17.37/aws-core-2.17.37.jar:/Users/kirankranthi/.m2/repository/software/amazon/awssdk/metrics-spi/2.17.37/metrics-spi-2.17.37.jar:/Users/kirankranthi/.m2/repository/software/amazon/awssdk/apache-client/2.17.37/apache-client-2.17.37.jar:/Users/kirankranthi/.m2/repository/org/apache/httpcomponents/httpclient/4.5.13/httpclient-4.5.13.jar:/Users/kirankranthi/.m2/repository/commons-logging/commons-logging/1.2/commons-logging-1.2.jar:/Users/kirankranthi/.m2/repository/commons-codec/commons-codec/1.11/commons-codec-1.11.jar:/Users/kirankranthi/.m2/repository/org/apache/httpcomponents/httpcore/4.4.11/httpcore-4.4.11.jar:/Users/kirankranthi/.m2/repository/software/amazon/awssdk/netty-nio-client/2.17.37/netty-nio-client-2.17.37.jar:/Users/kirankranthi/.m2/repository/io/netty/netty-codec-http/4.1.66.Final/netty-codec-http-4.1.66.Final.jar:/Users/kirankranthi/.m2/repository/io/netty/netty-codec-http2/4.1.66.Final/netty-codec-http2-4.1.66.Final.jar:/Users/kirankranthi/.m2/repository/io/netty/netty-codec/4.1.66.Final/netty-codec-4.1.66.Final.jar:/Users/kirankranthi/.m2/repository/io/netty/netty-transport/4.1.66.Final/netty-transport-4.1.66.Final.jar:/Users/kirankranthi/.m2/repository/io/netty/netty-resolver/4.1.66.Final/netty-resolver-4.1.66.Final.jar:/Users/kirankranthi/.m2/repository/io/netty/netty-common/4.1.66.Final/netty-common-4.1.66.Final.jar:/Users/kirankranthi/.m2/repository/io/netty/netty-buffer/4.1.66.Final/netty-buffer-4.1.66.Final.jar:/Users/kirankranthi/.m2/repository/io/netty/netty-handler/4.1.66.Final/netty-handler-4.1.66.Final.jar:/Users/kirankranthi/.m2/repository/io/netty/netty-transport-native-epoll/4.1.66.Final/netty-transport-native-epoll-4.1.66.Final-linux-x86_64.jar:/Users/kirankranthi/.m2/repository/io/netty/netty-transport-native-unix-common/4.1.66.Final/netty-transport-native-unix-common-4.1.66.Final.jar:/Users/kirankranthi/.m2/repository/com/typesafe/netty/netty-reactive-streams-http/2.0.5/netty-reactive-streams-http-2.0.5.jar:/Users/kirankranthi/.m2/repository/com/typesafe/netty/netty-reactive-streams/2.0.5/netty-reactive-streams-2.0.5.jar:/Users/kirankranthi/.m2/repository/org/junit/jupiter/junit-jupiter-api/5.7.2/junit-jupiter-api-5.7.2.jar:/Users/kirankranthi/.m2/repository/org/apiguardian/apiguardian-api/1.1.0/apiguardian-api-1.1.0.jar:/Users/kirankranthi/.m2/repository/org/opentest4j/opentest4j/1.2.0/opentest4j-1.2.0.jar:/Users/kirankranthi/.m2/repository/org/junit/platform/junit-platform-commons/1.7.2/junit-platform-commons-1.7.2.jar:/Users/kirankranthi/.m2/repository/org/mockito/mockito-junit-jupiter/3.12.4/mockito-junit-jupiter-3.12.4.jar:/Users/kirankranthi/.m2/repository/org/mockito/mockito-core/3.12.4/mockito-core-3.12.4.jar:/Users/kirankranthi/.m2/repository/net/bytebuddy/byte-buddy/1.11.13/byte-buddy-1.11.13.jar:/Users/kirankranthi/.m2/repository/net/bytebuddy/byte-buddy-agent/1.11.13/byte-buddy-agent-1.11.13.jar:/Users/kirankranthi/.m2/repository/org/objenesis/objenesis/3.2/objenesis-3.2.jar:/Users/kirankranthi/.m2/repository/org/junit/jupiter/junit-jupiter-params/5.7.0/junit-jupiter-params-5.7.0.jar:"/>
    <property name="sun.cpu.endian" value="little"/>
    <property name="user.home" value="/Users/kirankranthi"/>
    <property name="user.language" value="en"/>
    <property name="java.specification.vendor" value="Oracle Corporation"/>
    <property name="jdk.module.path" value="/Users/kirankranthi/Documents/sourcecode/java-udacity-nano/nd079-c3-java-application-deployment-projectstarter/starter/maven-udacity-catpoint/security/target/classes:/Users/kirankranthi/.m2/repository/com/google/guava/guava/30.1.1-jre/guava-30.1.1-jre.jar:/Users/kirankranthi/.m2/repository/com/miglayout/miglayout/3.7.4/miglayout-3.7.4.jar:/Users/kirankranthi/.m2/repository/com/google/code/gson/gson/2.8.8/gson-2.8.8.jar:/Users/kirankranthi/Documents/sourcecode/java-udacity-nano/nd079-c3-java-application-deployment-projectstarter/starter/maven-udacity-catpoint/image/target/image-1.0-SNAPSHOT.jar:/Users/kirankranthi/.m2/repository/software/amazon/awssdk/auth/2.17.37/auth-2.17.37.jar:/Users/kirankranthi/.m2/repository/software/amazon/awssdk/sdk-core/2.17.37/sdk-core-2.17.37.jar:/Users/kirankranthi/.m2/repository/software/amazon/awssdk/regions/2.17.37/regions-2.17.37.jar:/Users/kirankranthi/.m2/repository/org/slf4j/slf4j-api/1.7.30/slf4j-api-1.7.30.jar:/Users/kirankranthi/.m2/repository/software/amazon/awssdk/rekognition/2.17.37/rekognition-2.17.37.jar"/>
    <property name="java.version.date" value="2021-04-20"/>
    <property name="java.home" value="/Library/Java/JavaVirtualMachines/adoptopenjdk-16.jdk/Contents/Home"/>
    <property name="file.separator" value="/"/>
    <property name="basedir" value="/Users/kirankranthi/Documents/sourcecode/java-udacity-nano/nd079-c3-java-application-deployment-projectstarter/starter/maven-udacity-catpoint/security"/>
    <property name="java.vm.compressedOopsMode" value="Zero based"/>
    <property name="line.separator" value="&#10;"/>
    <property name="java.vm.specification.vendor" value="Oracle Corporation"/>
    <property name="java.specification.name" value="Java Platform API Specification"/>
    <property name="surefire.real.class.path" value="/Users/kirankranthi/.m2/repository/org/apache/maven/surefire/surefire-booter/3.0.0-M5/surefire-booter-3.0.0-M5.jar:/Users/kirankranthi/.m2/repository/org/apache/maven/surefire/surefire-api/3.0.0-M5/surefire-api-3.0.0-M5.jar:/Users/kirankranthi/.m2/repository/org/apache/maven/surefire/surefire-logger-api/3.0.0-M5/surefire-logger-api-3.0.0-M5.jar:/Users/kirankranthi/.m2/repository/org/apache/maven/surefire/surefire-shared-utils/3.0.0-M4/surefire-shared-utils-3.0.0-M4.jar:/Users/kirankranthi/.m2/repository/org/apache/maven/surefire/surefire-extensions-spi/3.0.0-M5/surefire-extensions-spi-3.0.0-M5.jar:/Users/kirankranthi/Documents/sourcecode/java-udacity-nano/nd079-c3-java-application-deployment-projectstarter/starter/maven-udacity-catpoint/security/target/test-classes:/Users/kirankranthi/.m2/repository/com/google/guava/failureaccess/1.0.1/failureaccess-1.0.1.jar:/Users/kirankranthi/.m2/repository/com/google/guava/listenablefuture/9999.0-empty-to-avoid-conflict-with-guava/listenablefuture-9999.0-empty-to-avoid-conflict-with-guava.jar:/Users/kirankranthi/.m2/repository/com/google/code/findbugs/jsr305/3.0.2/jsr305-3.0.2.jar:/Users/kirankranthi/.m2/repository/org/checkerframework/checker-qual/3.8.0/checker-qual-3.8.0.jar:/Users/kirankranthi/.m2/repository/com/google/errorprone/error_prone_annotations/2.5.1/error_prone_annotations-2.5.1.jar:/Users/kirankranthi/.m2/repository/com/google/j2objc/j2objc-annotations/1.3/j2objc-annotations-1.3.jar:/Users/kirankranthi/.m2/repository/com/google/collections/google-collections/1.0/google-collections-1.0.jar:/Users/kirankranthi/.m2/repository/software/amazon/awssdk/annotations/2.17.37/annotations-2.17.37.jar:/Users/kirankranthi/.m2/repository/software/amazon/awssdk/utils/2.17.37/utils-2.17.37.jar:/Users/kirankranthi/.m2/repository/org/reactivestreams/reactive-streams/1.0.3/reactive-streams-1.0.3.jar:/Users/kirankranthi/.m2/repository/software/amazon/awssdk/profiles/2.17.37/profiles-2.17.37.jar:/Users/kirankranthi/.m2/repository/software/amazon/awssdk/http-client-spi/2.17.37/http-client-spi-2.17.37.jar:/Users/kirankranthi/.m2/repository/software/amazon/awssdk/json-utils/2.17.37/json-utils-2.17.37.jar:/Users/kirankranthi/.m2/repository/software/amazon/awssdk/third-party-jackson-core/2.17.37/third-party-jackson-core-2.17.37.jar:/Users/kirankranthi/.m2/repository/software/amazon/eventstream/eventstream/1.0.1/eventstream-1.0.1.jar:/Users/kirankranthi/.m2/repository/software/amazon/awssdk/aws-json-protocol/2.17.37/aws-json-protocol-2.17.37.jar:/Users/kirankranthi/.m2/repository/software/amazon/awssdk/protocol-core/2.17.37/protocol-core-2.17.37.jar:/Users/kirankranthi/.m2/repository/software/amazon/awssdk/aws-core/2.17.37/aws-core-2.17.37.jar:/Users/kirankranthi/.m2/repository/software/amazon/awssdk/metrics-spi/2.17.37/metrics-spi-2.17.37.jar:/Users/kirankranthi/.m2/repository/software/amazon/awssdk/apache-client/2.17.37/apache-client-2.17.37.jar:/Users/kirankranthi/.m2/repository/org/apache/httpcomponents/httpclient/4.5.13/httpclient-4.5.13.jar:/Users/kirankranthi/.m2/repository/commons-logging/commons-logging/1.2/commons-logging-1.2.jar:/Users/kirankranthi/.m2/repository/commons-codec/commons-codec/1.11/commons-codec-1.11.jar:/Users/kirankranthi/.m2/repository/org/apache/httpcomponents/httpcore/4.4.11/httpcore-4.4.11.jar:/Users/kirankranthi/.m2/repository/software/amazon/awssdk/netty-nio-client/2.17.37/netty-nio-client-2.17.37.jar:/Users/kirankranthi/.m2/repository/io/netty/netty-codec-http/4.1.66.Final/netty-codec-http-4.1.66.Final.jar:/Users/kirankranthi/.m2/repository/io/netty/netty-codec-http2/4.1.66.Final/netty-codec-http2-4.1.66.Final.jar:/Users/kirankranthi/.m2/repository/io/netty/netty-codec/4.1.66.Final/netty-codec-4.1.66.Final.jar:/Users/kirankranthi/.m2/repository/io/netty/netty-transport/4.1.66.Final/netty-transport-4.1.66.Final.jar:/Users/kirankranthi/.m2/repository/io/netty/netty-resolver/4.1.66.Final/netty-resolver-4.1.66.Final.jar:/Users/kirankranthi/.m2/repository/io/netty/netty-common/4.1.66.Final/netty-common-4.1.66.Final.jar:/Users/kirankranthi/.m2/repository/io/netty/netty-buffer/4.1.66.Final/netty-buffer-4.1.66.Final.jar:/Users/kirankranthi/.m2/repository/io/netty/netty-handler/4.1.66.Final/netty-handler-4.1.66.Final.jar:/Users/kirankranthi/.m2/repository/io/netty/netty-transport-native-epoll/4.1.66.Final/netty-transport-native-epoll-4.1.66.Final-linux-x86_64.jar:/Users/kirankranthi/.m2/repository/io/netty/netty-transport-native-unix-common/4.1.66.Final/netty-transport-native-unix-common-4.1.66.Final.jar:/Users/kirankranthi/.m2/repository/com/typesafe/netty/netty-reactive-streams-http/2.0.5/netty-reactive-streams-http-2.0.5.jar:/Users/kirankranthi/.m2/repository/com/typesafe/netty/netty-reactive-streams/2.0.5/netty-reactive-streams-2.0.5.jar:/Users/kirankranthi/.m2/repository/org/junit/jupiter/junit-jupiter-api/5.7.2/junit-jupiter-api-5.7.2.jar:/Users/kirankranthi/.m2/repository/org/apiguardian/apiguardian-api/1.1.0/apiguardian-api-1.1.0.jar:/Users/kirankranthi/.m2/repository/org/opentest4j/opentest4j/1.2.0/opentest4j-1.2.0.jar:/Users/kirankranthi/.m2/repository/org/junit/platform/junit-platform-commons/1.7.2/junit-platform-commons-1.7.2.jar:/Users/kirankranthi/.m2/repository/org/mockito/mockito-junit-jupiter/3.12.4/mockito-junit-jupiter-3.12.4.jar:/Users/kirankranthi/.m2/repository/org/mockito/mockito-core/3.12.4/mockito-core-3.12.4.jar:/Users/kirankranthi/.m2/repository/net/bytebuddy/byte-buddy/1.11.13/byte-buddy-1.11.13.jar:/Users/kirankranthi/.m2/repository/net/bytebuddy/byte-buddy-agent/1.11.13/byte-buddy-agent-1.11.13.jar:/Users/kirankranthi/.m2/repository/org/objenesis/objenesis/3.2/objenesis-3.2.jar:/Users/kirankranthi/.m2/repository/org/junit/jupiter/junit-jupiter-params/5.7.0/junit-jupiter-params-5.7.0.jar:/Users/kirankranthi/.m2/repository/org/apache/maven/surefire/surefire-junit-platform/3.0.0-M5/surefire-junit-platform-3.0.0-M5.jar:/Users/kirankranthi/.m2/repository/org/apache/maven/surefire/common-java5/3.0.0-M5/common-java5-3.0.0-M5.jar:/Users/kirankranthi/.m2/repository/org/junit/platform/junit-platform-launcher/1.7.2/junit-platform-launcher-1.7.2.jar:/Users/kirankranthi/.m2/repository/org/junit/platform/junit-platform-engine/1.7.2/junit-platform-engine-1.7.2.jar:/Users/kirankranthi/.m2/repository/org/junit/jupiter/junit-jupiter-engine/5.7.2/junit-jupiter-engine-5.7.2.jar"/>
    <property name="sun.management.compiler" value="HotSpot 64-Bit Tiered Compilers"/>
    <property name="ftp.nonProxyHosts" value="local|*.local|169.254/16|*.169.254/16"/>
    <property name="java.runtime.version" value="16.0.1+9"/>
    <property name="user.name" value="kirankranthi"/>
    <property name="path.separator" value=":"/>
    <property name="os.version" value="10.15.7"/>
    <property name="java.runtime.name" value="OpenJDK Runtime Environment"/>
    <property name="file.encoding" value="UTF-8"/>
    <property name="java.vm.name" value="OpenJDK 64-Bit Server VM"/>
    <property name="java.vendor.version" value="AdoptOpenJDK-16.0.1+9"/>
    <property name="localRepository" value="/Users/kirankranthi/.m2/repository"/>
    <property name="java.vendor.url.bug" value="https://github.com/AdoptOpenJDK/openjdk-support/issues"/>
    <property name="java.io.tmpdir" value="/var/folders/y1/lmsq2y851jxdtmq180f_lbm40000gn/T/"/>
    <property name="java.version" value="16.0.1"/>
    <property name="user.dir" value="/Users/kirankranthi/Documents/sourcecode/java-udacity-nano/nd079-c3-java-application-deployment-projectstarter/starter/maven-udacity-catpoint/security"/>
    <property name="os.arch" value="x86_64"/>
    <property name="java.vm.specification.name" value="Java Virtual Machine Specification"/>
    <property name="java.library.path" value="/Users/kirankranthi/Library/Java/Extensions:/Library/Java/Extensions:/Network/Library/Java/Extensions:/System/Library/Java/Extensions:/usr/lib/java:."/>
    <property name="java.vm.info" value="mixed mode"/>
    <property name="java.vendor" value="AdoptOpenJDK"/>
    <property name="java.vm.version" value="16.0.1+9"/>
    <property name="sun.io.unicode.encoding" value="UnicodeBig"/>
    <property name="socksNonProxyHosts" value="local|*.local|169.254/16|*.169.254/16"/>
    <property name="java.class.version" value="60.0"/>
  </properties>
  <testcase name="whenArmedAndSensorActivated_alarmShouldBeSetToPending" classname="com.udacity.catpoint.security.service.SecurityServiceTest" time="1.584"/>
  <testcase name="whenAlarmIsInPendingAndArmedAway_updateArmedStatusToDatabase" classname="com.udacity.catpoint.security.service.SecurityServiceTest" time="0.021"/>
  <testcase name="whenSensorStateChanged_noChangeToAlarmState(boolean)[1]" classname="com.udacity.catpoint.security.service.SecurityServiceTest" time="0.045"/>
  <testcase name="whenSensorStateChanged_noChangeToAlarmState(boolean)[2]" classname="com.udacity.catpoint.security.service.SecurityServiceTest" time="0.006"/>
  <testcase name="whenArmedAndSensorActivatedAndSystemInPendingAlarm_alarmShouldBeSetToAlarm" classname="com.udacity.catpoint.security.service.SecurityServiceTest" time="0.005"/>
  <testcase name="whenStatusListenerRemoved_verifyTheSizeOfListeners" classname="com.udacity.catpoint.security.service.SecurityServiceTest" time="0.015"/>
  <testcase name="whenGetAlarmStatusInvoked_fetchValueFromDatabase" classname="com.udacity.catpoint.security.service.SecurityServiceTest" time="0.003"/>
  <testcase name="whenStatusListenerAdded_verifyTheSizeOfListeners" classname="com.udacity.catpoint.security.service.SecurityServiceTest" time="0.001"/>
  <testcase name="statusListenerToBeNotified_whenCatImageIsProcessed" classname="com.udacity.catpoint.security.service.SecurityServiceTest" time="0.018"/>
  <testcase name="whenDisarmedAndAlarmInPendingAndSensorIsActivated_dontChangeAlarmState(boolean)[1]" classname="com.udacity.catpoint.security.service.SecurityServiceTest" time="0.007"/>
  <testcase name="whenDisarmedAndAlarmInPendingAndSensorIsActivated_dontChangeAlarmState(boolean)[2]" classname="com.udacity.catpoint.security.service.SecurityServiceTest" time="0.006"/>
  <testcase name="whenSystemIsDisarmed_verifyStateAsNoAlarm" classname="com.udacity.catpoint.security.service.SecurityServiceTest" time="0.003"/>
  <testcase name="whenImageIsNotCatAndSensorDeactivated_changeStatetoNoAlarm" classname="com.udacity.catpoint.security.service.SecurityServiceTest" time="0.004"/>
  <testcase name="whenAlarmPendingAndSensorAreInactive_alarmShouldBeSetToNoAlarm" classname="com.udacity.catpoint.security.service.SecurityServiceTest" time="0.006"/>
  <testcase name="whenCurrentImageIsCatAndStatusSetToArmed_changeStateToAlarm" classname="com.udacity.catpoint.security.service.SecurityServiceTest" time="0.006"/>
  <testcase name="whenImageIsCatAndArmed_changeStateToAlarm" classname="com.udacity.catpoint.security.service.SecurityServiceTest" time="0.005"/>
  <testcase name="whenSensorRemoved_verifyInDatabase" classname="com.udacity.catpoint.security.service.SecurityServiceTest" time="0.002"/>
  <testcase name="whenSystemIsArmedAndCurrentImageIsCat_changeStateToAlarm" classname="com.udacity.catpoint.security.service.SecurityServiceTest" time="0.004"/>
  <testcase name="whenSensorIsDiactiveWhileInactive_dontChangeStateOfAlarm(AlarmStatus)[1]" classname="com.udacity.catpoint.security.service.SecurityServiceTest" time="0.005"/>
  <testcase name="whenSensorIsDiactiveWhileInactive_dontChangeStateOfAlarm(AlarmStatus)[2]" classname="com.udacity.catpoint.security.service.SecurityServiceTest" time="0.005"/>
  <testcase name="whenSystemIsArmed_verifySensorsToBeInActive" classname="com.udacity.catpoint.security.service.SecurityServiceTest" time="0.007"/>
  <testcase name="whenSensorAllreadyActive_AndSystemInPending_changeStateToAlarm" classname="com.udacity.catpoint.security.service.SecurityServiceTest" time="0.004"/>
  <testcase name="whenSensorAdded_verifyIfAddedToDatabase" classname="com.udacity.catpoint.security.service.SecurityServiceTest" time="0.003"/>
</testsuite>